<?xml version="1.0" encoding="UTF-8" ?>
<testsuite tests="7" failures="0" name="com.MVCStart.AppTest" time="134.273" errors="0" skipped="7">
  <properties>
[...]
</properties>
  <testcase classname="com.MVCStart.AppTest" name="addCategoryTest" time="19.163">
    <skipped/>
    <system-out>About to create Sessionfactory
Session Factory Created
Hibernate: alter table SPRINGMVCORMPROJECT.PUBLIC.PRODUCT add column imgname1 varchar(255)
About to create HibernateTransactionManager
Hibernate Transaction created
</system-out>
    <system-err>Dec 22, 2018 4:25:18 PM org.springframework.context.support.AbstractApplicationContext prepareRefresh
INFO: Refreshing org.springframework.context.annotation.AnnotationConfigApplicationContext@3aa9e816: startup date [Sat Dec 22 16:25:18 IST 2018]; root of context hierarchy
Dec 22, 2018 4:25:22 PM org.springframework.jdbc.datasource.DriverManagerDataSource setDriverClassName
INFO: Loaded JDBC driver: org.h2.Driver
Dec 22, 2018 4:25:24 PM org.hibernate.Version logVersion
INFO: HHH000412: Hibernate Core {5.3.7.Final}
Dec 22, 2018 4:25:24 PM org.hibernate.cfg.Environment &lt;clinit&gt;
INFO: HHH000206: hibernate.properties not found
Dec 22, 2018 4:25:28 PM org.hibernate.annotations.common.reflection.java.JavaReflectionManager &lt;clinit&gt;
INFO: HCANN000001: Hibernate Commons Annotations {5.0.4.Final}
Dec 22, 2018 4:25:30 PM org.hibernate.dialect.Dialect &lt;init&gt;
INFO: HHH000400: Using dialect: org.hibernate.dialect.H2Dialect
Dec 22, 2018 4:25:35 PM org.springframework.orm.hibernate5.HibernateTransactionManager afterPropertiesSet
INFO: Using DataSource [org.springframework.jdbc.datasource.DriverManagerDataSource@752325ad] of Hibernate SessionFactory for HibernateTransactionManager
</system-err>
  </testcase>
  <testcase classname="com.MVCStart.AppTest" name="addProductTestCase" time="19.175">
    <skipped/>
  </testcase>
  <testcase classname="com.MVCStart.AppTest" name="getAllCategories" time="19.176">
    <skipped/>
  </testcase>
  <testcase classname="com.MVCStart.AppTest" name="addSupplierTest" time="19.177">
    <skipped/>
  </testcase>
  <testcase classname="com.MVCStart.AppTest" name="deleteCategoryTestCase" time="19.19">
    <skipped/>
  </testcase>
  <testcase classname="com.MVCStart.AppTest" name="updateCategoryTestCase" time="19.191">
    <skipped/>
  </testcase>
  <testcase classname="com.MVCStart.AppTest" name="getCategoryById" time="19.201">
    <skipped/>
  </testcase>
</testsuite>